<?xml version="1.0" encoding="UTF-8"?>
<!-- Generated by org.testng.reporters.JUnitReportReporter -->
<testsuite hostname="LAPTOP-QNL7IF1Q" failures="0" tests="1" name="MyFirstTestNgDemo.OrangeHRM.AppTest" time="16.659" errors="0" timestamp="2023-02-16T18:02:05 IST" skipped="0">
  <testcase classname="MyFirstTestNgDemo.OrangeHRM.AppTest" name="LoginPage" time="16.659"/>
  <system-out/>
</testsuite> <!-- MyFirstTestNgDemo.OrangeHRM.AppTest -->
